0 info it worked if it ends with ok
1 verbose cli [ 'C:\\Program Files\\nodejs\\node.exe',
1 verbose cli   'C:\\Program Files\\nodejs\\node_modules\\npm\\bin\\npm-cli.js',
1 verbose cli   'install',
1 verbose cli   '--save',
1 verbose cli   'ionic-native/camera' ]
2 info using npm@4.1.2
3 info using node@v7.5.0
4 silly loadCurrentTree Starting
5 silly install loadCurrentTree
6 silly install readLocalPackageData
7 silly fetchPackageMetaData ionic-native/camera
8 silly fetchOtherPackageData ionic-native/camera
9 silly cache add args [ 'ionic-native/camera', null ]
10 verbose cache add spec ionic-native/camera
11 silly cache add parsed spec Result {
11 silly cache add   raw: 'ionic-native/camera',
11 silly cache add   scope: null,
11 silly cache add   escapedName: null,
11 silly cache add   name: null,
11 silly cache add   rawSpec: 'ionic-native/camera',
11 silly cache add   spec: 'github:ionic-native/camera',
11 silly cache add   type: 'hosted',
11 silly cache add   hosted:
11 silly cache add    { type: 'github',
11 silly cache add      ssh: 'git@github.com:ionic-native/camera.git',
11 silly cache add      sshUrl: 'git+ssh://git@github.com/ionic-native/camera.git',
11 silly cache add      httpsUrl: 'git+https://github.com/ionic-native/camera.git',
11 silly cache add      gitUrl: 'git://github.com/ionic-native/camera.git',
11 silly cache add      shortcut: 'github:ionic-native/camera',
11 silly cache add      directUrl: 'https://raw.githubusercontent.com/ionic-native/camera/master/package.json' } }
12 verbose addRemoteGit caching ionic-native/camera
13 verbose addRemoteGit ionic-native/camera is a repository hosted by github
14 silly tryGitProto attempting to clone git://github.com/ionic-native/camera.git
15 silly tryClone cloning ionic-native/camera via git://github.com/ionic-native/camera.git
16 verbose tryClone git-github-com-ionic-native-camera-git-6b08346e not in flight; caching
17 verbose correctMkdir C:\Users\Kirsten\AppData\Roaming\npm-cache\_git-remotes correctMkdir not in flight; initializing
18 verbose makeDirectory C:\Users\Kirsten\AppData\Roaming\npm-cache\_git-remotes creation not in flight; initializing
19 verbose makeCacheDir UID & GID are irrelevant on win32
20 info git [ 'clone',
20 info git   '--template=C:\\Users\\Kirsten\\AppData\\Roaming\\npm-cache\\_git-remotes\\_templates',
20 info git   '--mirror',
20 info git   'git://github.com/ionic-native/camera.git',
20 info git   'C:\\Users\\Kirsten\\AppData\\Roaming\\npm-cache\\_git-remotes\\git-github-com-ionic-native-camera-git-6b08346e' ]
21 verbose git clone --template=C:\Users\Kirsten\AppData\Roaming\npm-cache\_git-remotes\_templates --mirror git://github.com/ionic-native/camera.git C:\Users\Kirsten\AppData\Roaming\npm-cache\_git-remotes\git-github-com-ionic-native-camera-git-6b08346e: Cloning into bare repository 'C:\Users\Kirsten\AppData\Roaming\npm-cache\_git-remotes\git-github-com-ionic-native-camera-git-6b08346e'...
21 verbose git clone --template=C:\Users\Kirsten\AppData\Roaming\npm-cache\_git-remotes\_templates --mirror git://github.com/ionic-native/camera.git C:\Users\Kirsten\AppData\Roaming\npm-cache\_git-remotes\git-github-com-ionic-native-camera-git-6b08346e: fatal: remote error:
21 verbose git clone --template=C:\Users\Kirsten\AppData\Roaming\npm-cache\_git-remotes\_templates --mirror git://github.com/ionic-native/camera.git C:\Users\Kirsten\AppData\Roaming\npm-cache\_git-remotes\git-github-com-ionic-native-camera-git-6b08346e:   Repository not found.
22 silly tryHTTPS attempting to clone git+https://github.com/ionic-native/camera.git
23 silly tryClone cloning ionic-native/camera via git+https://github.com/ionic-native/camera.git
24 verbose tryClone git-https-github-com-ionic-native-camera-git-b6b161b1 not in flight; caching
25 verbose correctMkdir C:\Users\Kirsten\AppData\Roaming\npm-cache\_git-remotes correctMkdir not in flight; initializing
26 info git [ 'clone',
26 info git   '--template=C:\\Users\\Kirsten\\AppData\\Roaming\\npm-cache\\_git-remotes\\_templates',
26 info git   '--mirror',
26 info git   'https://github.com/ionic-native/camera.git',
26 info git   'C:\\Users\\Kirsten\\AppData\\Roaming\\npm-cache\\_git-remotes\\git-https-github-com-ionic-native-camera-git-b6b161b1' ]
27 verbose git clone --template=C:\Users\Kirsten\AppData\Roaming\npm-cache\_git-remotes\_templates --mirror https://github.com/ionic-native/camera.git C:\Users\Kirsten\AppData\Roaming\npm-cache\_git-remotes\git-https-github-com-ionic-native-camera-git-b6b161b1: Cloning into bare repository 'C:\Users\Kirsten\AppData\Roaming\npm-cache\_git-remotes\git-https-github-com-ionic-native-camera-git-b6b161b1'...
27 verbose git clone --template=C:\Users\Kirsten\AppData\Roaming\npm-cache\_git-remotes\_templates --mirror https://github.com/ionic-native/camera.git C:\Users\Kirsten\AppData\Roaming\npm-cache\_git-remotes\git-https-github-com-ionic-native-camera-git-b6b161b1: remote: Invalid username or password.
27 verbose git clone --template=C:\Users\Kirsten\AppData\Roaming\npm-cache\_git-remotes\_templates --mirror https://github.com/ionic-native/camera.git C:\Users\Kirsten\AppData\Roaming\npm-cache\_git-remotes\git-https-github-com-ionic-native-camera-git-b6b161b1: fatal: Authentication failed for 'https://github.com/ionic-native/camera.git/'
28 silly trySSH attempting to clone git@github.com:ionic-native/camera.git
29 silly tryClone cloning ionic-native/camera via git@github.com:ionic-native/camera.git
30 verbose tryClone git-github-com-ionic-native-camera-git-0d879a5d not in flight; caching
31 verbose correctMkdir C:\Users\Kirsten\AppData\Roaming\npm-cache\_git-remotes correctMkdir not in flight; initializing
32 info git [ 'clone',
32 info git   '--template=C:\\Users\\Kirsten\\AppData\\Roaming\\npm-cache\\_git-remotes\\_templates',
32 info git   '--mirror',
32 info git   'git@github.com:ionic-native/camera.git',
32 info git   'C:\\Users\\Kirsten\\AppData\\Roaming\\npm-cache\\_git-remotes\\git-github-com-ionic-native-camera-git-0d879a5d' ]
33 error git clone --template=C:\Users\Kirsten\AppData\Roaming\npm-cache\_git-remotes\_templates --mirror git@github.com:ionic-native/camera.git C:\Users\Kirsten\AppData\Roaming\npm-cache\_git-remotes\git-github-com-ionic-native-camera-git-0d879a5d: Cloning into bare repository 'C:\Users\Kirsten\AppData\Roaming\npm-cache\_git-remotes\git-github-com-ionic-native-camera-git-0d879a5d'...
33 error git clone --template=C:\Users\Kirsten\AppData\Roaming\npm-cache\_git-remotes\_templates --mirror git@github.com:ionic-native/camera.git C:\Users\Kirsten\AppData\Roaming\npm-cache\_git-remotes\git-github-com-ionic-native-camera-git-0d879a5d: Host key verification failed.
33 error git clone --template=C:\Users\Kirsten\AppData\Roaming\npm-cache\_git-remotes\_templates --mirror git@github.com:ionic-native/camera.git C:\Users\Kirsten\AppData\Roaming\npm-cache\_git-remotes\git-github-com-ionic-native-camera-git-0d879a5d: fatal: Could not read from remote repository.
33 error git clone --template=C:\Users\Kirsten\AppData\Roaming\npm-cache\_git-remotes\_templates --mirror git@github.com:ionic-native/camera.git C:\Users\Kirsten\AppData\Roaming\npm-cache\_git-remotes\git-github-com-ionic-native-camera-git-0d879a5d:
33 error git clone --template=C:\Users\Kirsten\AppData\Roaming\npm-cache\_git-remotes\_templates --mirror git@github.com:ionic-native/camera.git C:\Users\Kirsten\AppData\Roaming\npm-cache\_git-remotes\git-github-com-ionic-native-camera-git-0d879a5d: Please make sure you have the correct access rights
33 error git clone --template=C:\Users\Kirsten\AppData\Roaming\npm-cache\_git-remotes\_templates --mirror git@github.com:ionic-native/camera.git C:\Users\Kirsten\AppData\Roaming\npm-cache\_git-remotes\git-github-com-ionic-native-camera-git-0d879a5d: and the repository exists.
34 silly fetchPackageMetaData Error: Command failed: git -c core.longpaths=true clone --template=C:\Users\Kirsten\AppData\Roaming\npm-cache\_git-remotes\_templates --mirror git@github.com:ionic-native/camera.git C:\Users\Kirsten\AppData\Roaming\npm-cache\_git-remotes\git-github-com-ionic-native-camera-git-0d879a5d
34 silly fetchPackageMetaData Cloning into bare repository 'C:\Users\Kirsten\AppData\Roaming\npm-cache\_git-remotes\git-github-com-ionic-native-camera-git-0d879a5d'...
34 silly fetchPackageMetaData Host key verification failed.
34 silly fetchPackageMetaData fatal: Could not read from remote repository.
34 silly fetchPackageMetaData
34 silly fetchPackageMetaData Please make sure you have the correct access rights
34 silly fetchPackageMetaData and the repository exists.
34 silly fetchPackageMetaData
34 silly fetchPackageMetaData     at ChildProcess.exithandler (child_process.js:211:12)
34 silly fetchPackageMetaData     at emitTwo (events.js:106:13)
34 silly fetchPackageMetaData     at ChildProcess.emit (events.js:192:7)
34 silly fetchPackageMetaData     at maybeClose (internal/child_process.js:890:16)
34 silly fetchPackageMetaData     at Process.ChildProcess._handle.onexit (internal/child_process.js:226:5)
34 silly fetchPackageMetaData  error for ionic-native/camera { Error: Command failed: git -c core.longpaths=true clone --template=C:\Users\Kirsten\AppData\Roaming\npm-cache\_git-remotes\_templates --mirror git@github.com:ionic-native/camera.git C:\Users\Kirsten\AppData\Roaming\npm-cache\_git-remotes\git-github-com-ionic-native-camera-git-0d879a5d
34 silly fetchPackageMetaData Cloning into bare repository 'C:\Users\Kirsten\AppData\Roaming\npm-cache\_git-remotes\git-github-com-ionic-native-camera-git-0d879a5d'...
34 silly fetchPackageMetaData Host key verification failed.
34 silly fetchPackageMetaData fatal: Could not read from remote repository.
34 silly fetchPackageMetaData
34 silly fetchPackageMetaData Please make sure you have the correct access rights
34 silly fetchPackageMetaData and the repository exists.
34 silly fetchPackageMetaData
34 silly fetchPackageMetaData     at ChildProcess.exithandler (child_process.js:211:12)
34 silly fetchPackageMetaData     at emitTwo (events.js:106:13)
34 silly fetchPackageMetaData     at ChildProcess.emit (events.js:192:7)
34 silly fetchPackageMetaData     at maybeClose (internal/child_process.js:890:16)
34 silly fetchPackageMetaData     at Process.ChildProcess._handle.onexit (internal/child_process.js:226:5)
34 silly fetchPackageMetaData   killed: false,
34 silly fetchPackageMetaData   code: 128,
34 silly fetchPackageMetaData   signal: null,
34 silly fetchPackageMetaData   cmd: 'git -c core.longpaths=true clone --template=C:\\Users\\Kirsten\\AppData\\Roaming\\npm-cache\\_git-remotes\\_templates --mirror git@github.com:ionic-native/camera.git C:\\Users\\Kirsten\\AppData\\Roaming\\npm-cache\\_git-remotes\\git-github-com-ionic-native-camera-git-0d879a5d' }
35 silly rollbackFailedOptional Starting
36 silly rollbackFailedOptional Finishing
37 silly runTopLevelLifecycles Finishing
38 silly install printInstalled
39 verbose stack Error: Command failed: git -c core.longpaths=true clone --template=C:\Users\Kirsten\AppData\Roaming\npm-cache\_git-remotes\_templates --mirror git@github.com:ionic-native/camera.git C:\Users\Kirsten\AppData\Roaming\npm-cache\_git-remotes\git-github-com-ionic-native-camera-git-0d879a5d
39 verbose stack Cloning into bare repository 'C:\Users\Kirsten\AppData\Roaming\npm-cache\_git-remotes\git-github-com-ionic-native-camera-git-0d879a5d'...
39 verbose stack Host key verification failed.
39 verbose stack fatal: Could not read from remote repository.
39 verbose stack
39 verbose stack Please make sure you have the correct access rights
39 verbose stack and the repository exists.
39 verbose stack
39 verbose stack     at ChildProcess.exithandler (child_process.js:211:12)
39 verbose stack     at emitTwo (events.js:106:13)
39 verbose stack     at ChildProcess.emit (events.js:192:7)
39 verbose stack     at maybeClose (internal/child_process.js:890:16)
39 verbose stack     at Process.ChildProcess._handle.onexit (internal/child_process.js:226:5)
40 verbose cwd C:\Users\Kirsten\projects\finalProject\protego
41 error Windows_NT 10.0.14393
42 error argv "C:\\Program Files\\nodejs\\node.exe" "C:\\Program Files\\nodejs\\node_modules\\npm\\bin\\npm-cli.js" "install" "--save" "ionic-native/camera"
43 error node v7.5.0
44 error npm  v4.1.2
45 error code 128
46 error Command failed: git -c core.longpaths=true clone --template=C:\Users\Kirsten\AppData\Roaming\npm-cache\_git-remotes\_templates --mirror git@github.com:ionic-native/camera.git C:\Users\Kirsten\AppData\Roaming\npm-cache\_git-remotes\git-github-com-ionic-native-camera-git-0d879a5d
46 error Cloning into bare repository 'C:\Users\Kirsten\AppData\Roaming\npm-cache\_git-remotes\git-github-com-ionic-native-camera-git-0d879a5d'...
46 error Host key verification failed.
46 error fatal: Could not read from remote repository.
46 error
46 error Please make sure you have the correct access rights
46 error and the repository exists.
47 error If you need help, you may report this error at:
47 error     <https://github.com/npm/npm/issues>
48 verbose exit [ 1, true ]
